<?xml version="1.0" encoding="UTF-8"?>
<!-- Generated by org.testng.reporters.JUnitReportReporter -->
<testsuite skipped="0" hostname="LAPTOP-OI9FLFD4" name="apiScenarios.GetEmployee" tests="1" failures="0" timestamp="2020-08-16T22:56:16 IST" time="3.801" errors="0">
  <testcase name="getEmp" time="3.801" classname="apiScenarios.GetEmployee"/>
</testsuite> <!-- apiScenarios.GetEmployee -->
